app/build/outputs/logs/manifest-merger-debug-report.txt
-- Merging decision tree log ---
manifest
ADDED from AndroidManifest.xml:2:1
	xmlns:android
		ADDED from AndroidManifest.xml:2:11
	package
		ADDED from AndroidManifest.xml:3:5
		INJECTED from AndroidManifest.xml:0:0
		INJECTED from AndroidManifest.xml:0:0
	android:versionName
		ADDED from AndroidManifest.xml:5:5
	android:versionCode
		ADDED from AndroidManifest.xml:4:5
		INJECTED from AndroidManifest.xml:0:0
		INJECTED from AndroidManifest.xml:0:0
uses-sdk
ADDED from AndroidManifest.xml:7:5
MERGED from com.android.support:support-v4:22.0.0:20:5
	android:targetSdkVersion
		ADDED from AndroidManifest.xml:9:9
		INJECTED from AndroidManifest.xml:0:0
		INJECTED from AndroidManifest.xml:0:0
	android:minSdkVersion
		ADDED from AndroidManifest.xml:8:9
		INJECTED from AndroidManifest.xml:0:0
		INJECTED from AndroidManifest.xml:0:0
uses-permission#android.permission.ACCESS_FINE_LOCATION
ADDED from AndroidManifest.xml:11:5
	android:name
		ADDED from AndroidManifest.xml:11:22
uses-permission#android.permission.READ_PHONE_STATE
ADDED from AndroidManifest.xml:12:5
	android:name
		ADDED from AndroidManifest.xml:12:22
uses-permission#android.permission.RECEIVE_BOOT_COMPLETED
ADDED from AndroidManifest.xml:13:5
	android:name
		ADDED from AndroidManifest.xml:13:22
uses-permission#android.permission.MOUNT_FORMAT_FILESYSTEMS
ADDED from AndroidManifest.xml:14:5
	android:name
		ADDED from AndroidManifest.xml:14:22
uses-permission#android.permission.WRITE_EXTERNAL_STORAGE
ADDED from AndroidManifest.xml:15:5
	android:name
		ADDED from AndroidManifest.xml:15:22
uses-permission#android.permission.BLUETOOTH_ADMIN
ADDED from AndroidManifest.xml:16:5
	android:name
		ADDED from AndroidManifest.xml:16:22
uses-permission#android.permission.BLUETOOTH
ADDED from AndroidManifest.xml:17:5
	android:name
		ADDED from AndroidManifest.xml:17:22
uses-permission#android.permission.INTERNET
ADDED from AndroidManifest.xml:18:5
	android:name
		ADDED from AndroidManifest.xml:18:22
uses-permission#android.permission.ACCESS_WIFI_STATE
ADDED from AndroidManifest.xml:19:5
	android:name
		ADDED from AndroidManifest.xml:19:22
uses-permission#android.permission.CHANGE_WIFI_STATE
ADDED from AndroidManifest.xml:20:5
	android:name
		ADDED from AndroidManifest.xml:20:22
uses-permission#android.permission.WAKE_LOCK
ADDED from AndroidManifest.xml:21:5
	android:name
		ADDED from AndroidManifest.xml:21:22
uses-permission#android.permission.ACCESS_NETWORK_STATE
ADDED from AndroidManifest.xml:22:5
	android:name
		ADDED from AndroidManifest.xml:22:22
uses-permission#android.permission.WRITE_SETTINGS
ADDED from AndroidManifest.xml:23:5
	android:name
		ADDED from AndroidManifest.xml:23:22
uses-permission#android.permission.ACCESS_COARSE_LOCATION
ADDED from AndroidManifest.xml:24:5
	android:name
		ADDED from AndroidManifest.xml:24:22
uses-permission#android.permission.CHANGE_WIFI_MULTICAST_STATE
ADDED from AndroidManifest.xml:25:5
	android:name
		ADDED from AndroidManifest.xml:25:22
android:uses-permission#android.permission.READ_EXTERNAL_STORAGE
ADDED from AndroidManifest.xml:27:5
	android:maxSdkVersion
		ADDED from AndroidManifest.xml:29:9
	android:name
		ADDED from AndroidManifest.xml:28:9
application
ADDED from AndroidManifest.xml:31:5
MERGED from com.android.support:support-v4:22.0.0:22:5
	android:label
		ADDED from AndroidManifest.xml:35:9
	android:allowBackup
		ADDED from AndroidManifest.xml:33:9
	android:icon
		ADDED from AndroidManifest.xml:34:9
	android:theme
		ADDED from AndroidManifest.xml:36:9
	android:name
		ADDED from AndroidManifest.xml:32:9
meta-data#com.amap.api.v2.apikey
ADDED from AndroidManifest.xml:37:9
	android:name
		ADDED from AndroidManifest.xml:38:13
	android:value
		ADDED from AndroidManifest.xml:39:13
activity#com.ldkj.portable.activitys.Single
ADDED from AndroidManifest.xml:41:9
	android:label
		ADDED from AndroidManifest.xml:44:13
	android:configChanges
		ADDED from AndroidManifest.xml:43:13
	android:name
		ADDED from AndroidManifest.xml:42:13
intent-filter#android.intent.action.MAIN+android.intent.category.LAUNCHER
ADDED from AndroidManifest.xml:45:13
action#android.intent.action.MAIN
ADDED from AndroidManifest.xml:46:17
	android:name
		ADDED from AndroidManifest.xml:46:25
category#android.intent.category.LAUNCHER
ADDED from AndroidManifest.xml:48:17
	android:name
		ADDED from AndroidManifest.xml:48:27
activity#com.ldkj.portable.activitys.OfflineMapActivity
ADDED from AndroidManifest.xml:51:9
	android:name
		ADDED from AndroidManifest.xml:51:19
service#com.ldkj.portable.services.ProtableService
ADDED from AndroidManifest.xml:53:9
	android:name
		ADDED from AndroidManifest.xml:53:18
activity#com.ldkj.portable.activitys.SettingActivity
ADDED from AndroidManifest.xml:55:9
	android:label
		ADDED from AndroidManifest.xml:57:13
	android:name
		ADDED from AndroidManifest.xml:56:13